<?xml version="1.0" encoding="UTF-8"?>
<!-- Generated by org.testng.reporters.JUnitReportReporter -->
<testsuite skipped="0" hostname="ip-172-31-95-9" name="test.LoginTest" tests="3" failures="0" timestamp="11 Nov 2021 04:33:06 GMT" time="15.080" errors="0">
  <testcase name="Negativelogin" time="4.973" classname="test.LoginTest"/>
  <testcase name="ExcelTest" time="4.971" classname="test.LoginTest"/>
  <testcase name="Positivelogin" time="5.136" classname="test.LoginTest"/>
</testsuite> <!-- test.LoginTest -->
